2015-Jul-07 19:29:19 –ù–∞–ª–∏—á–∏–µ –Ω–µ–æ–±—Ö–æ–¥–∏–º—ã—Ö –º–æ–¥—É–ª–µ–π php (check_php_modules): Ok
–í—Å–µ –Ω–µ–æ–±—Ö–æ–¥–∏–º—ã–µ –º–æ–¥—É–ª–∏ —É—Å—Ç–∞–Ω–æ–≤–ª–µ–Ω—ã
2015-Jul-07 19:29:20 –û–±—è–∑–∞—Ç–µ–ª—å–Ω—ã–µ –ø–∞—Ä–∞–º–µ—Ç—Ä—ã PHP (check_php_settings): Ok
–ù–∞—Å—Ç—Ä–æ–π–∫–∏ –ø—Ä–∞–≤–∏–ª—å–Ω—ã–µ
2015-Jul-07 19:29:20 –ú–æ–¥—É–ª–∏ –≤–µ–±-—Å–µ—Ä–≤–µ—Ä–∞ (check_security): Ok
–ö–æ–Ω—Ñ–ª–∏–∫—Ç–æ–≤ –Ω–µ –≤—ã—è–≤–ª–µ–Ω–æ
2015-Jul-07 19:29:20 –ó–Ω–∞—á–µ–Ω–∏—è –ø–µ—Ä–µ–º–µ–Ω–Ω—ã—Ö —Å–µ—Ä–≤–µ—Ä–∞ (check_server_vars): Ok
–ö–æ—Ä—Ä–µ–∫—Ç–Ω—ã–µ
2015-Jul-07 19:29:20 –°–æ—Ö—Ä–∞–Ω–µ–Ω–∏–µ —Å–µ—Å—Å–∏–∏ (check_session): Ok
50% done
2015-Jul-07 19:29:21 –°–æ—Ö—Ä–∞–Ω–µ–Ω–∏–µ —Å–µ—Å—Å–∏–∏ (check_session): Ok
–£—Å–ø–µ—à–Ω–æ
2015-Jul-07 19:29:21 –ü–∞—Ä–∞–º–µ—Ç—Ä—ã –Ω–∞—Å—Ç—Ä–æ–π–∫–∏ UTF (mbstring –∏ –∫–æ–Ω—Å—Ç–∞–Ω—Ç–∞ BX_UTF) (check_mbstring): Ok
–ü—Ä–∞–≤–∏–ª—å–Ω—ã–µ. –°–∞–π—Ç —Ä–∞–±–æ—Ç–∞–µ—Ç –≤ UTF –∫–æ–¥–∏—Ä–æ–≤–∫–µ
2015-Jul-07 19:29:22 –†–∞–±–æ—Ç–∞ —Å —Å–æ–∫–µ—Ç–∞–º–∏ (check_socket): Ok
Connection to 7711.kz:80	Success

–£—Å–ø–µ—à–Ω–æ
2015-Jul-07 19:29:22 –ü–∞—Ä–∞–º–µ—Ç—Ä—ã –ø–æ–¥–∫–ª—é—á–µ–Ω–∏—è –∫ –±–∞–∑–µ –¥–∞–Ω–Ω—ã—Ö (check_dbconn_settings): Ok
–£—Å–ø–µ—à–Ω–æ
2015-Jul-07 19:29:22 –õ–∏—à–Ω–∏–π –≤—ã–≤–æ–¥ –≤ —Ñ–∞–π–ª–∞—Ö –∫–æ–Ω—Ñ–∏–≥—É—Ä–∞—Ü–∏–∏ (check_dbconn): Ok
Connection to 7711.kz:80	Success

–£—Å–ø–µ—à–Ω–æ
2015-Jul-07 19:29:23 –í—ã–ø–æ–ª–Ω–µ–Ω–∏–µ –∞–≥–µ–Ω—Ç–æ–≤ –Ω–∞ cron (check_bx_crontab): Ok
–£—Å–ø–µ—à–Ω–æ
2015-Jul-07 19:29:23 –°–æ—Ö—Ä–∞–Ω–µ–Ω–∏–µ —Å–µ—Å—Å–∏–∏ –±–µ–∑ UserAgent (check_session_ua): Ok
50% done
Connection to 7711.kz:80	Success

2015-Jul-07 19:29:23 –°–æ—Ö—Ä–∞–Ω–µ–Ω–∏–µ —Å–µ—Å—Å–∏–∏ –±–µ–∑ UserAgent (check_session_ua): Fail
Connection to 7711.kz:80	Success
== Request ==
GET /bitrix/admin/site_checker.php?test_type=session_test&unique_id=6b63a8b4445227105849caedff1107e3 HTTP/1.1
Host: 7711.kz
Cookie: PHPSESSID=99iden9eo4386815ji5mt7run3


== Response ==
HTTP/1.1 200 OK
Server: nginx
Date: Tue, 07 Jul 2015 13:29:23 GMT
Content-Type: text/html; charset=UTF-8
Content-Length: 260
Connection: keep-alive
X-Powered-By: PHP/5.4.42
Expires: Thu, 19 Nov 1981 08:52:00 GMT
Cache-Control: no-store, no-cache, must-revalidate, post-check=0, pre-check=0
Pragma: no-cache

== Body ==

Warning: Unknown: write failed: Disk quota exceeded (122) in Unknown on line 0

Warning: Unknown: Failed to write session data (files). Please verify that the current setting of session.save_path is correct (/var/www/v-9619/data/mod-tmp) in Unknown on line 0

==========

–û—à–∏–±–∫–∞! –ù–µ —Ä–∞–±–æ—Ç–∞–µ—Ç
2015-Jul-07 19:29:24 –ù–∞—Å—Ç—Ä–æ–π–∫–∏ —Å–∞–π—Ç–æ–≤ (check_sites): Ok
–ü—Ä–∞–≤–∏–ª—å–Ω—ã–µ
2015-Jul-07 19:29:25 –°–ª—É–∂–µ–±–Ω—ã–µ —Å–∫—Ä–∏–ø—Ç—ã –≤ –∫–æ—Ä–Ω–µ —Å–∞–π—Ç–∞ (check_install_scripts): Ok
–û—Ç—Å—É—Ç—Å—Ç–≤—É—é—Ç
2015-Jul-07 19:29:25 –ü–µ—Ä–µ–¥–∞—á–∞ –æ–±—ä–µ–∫—Ç–æ–≤ –ø–æ —Å—Å—ã–ª–∫–µ (check_clone): Ok
–£—Å–ø–µ—à–Ω–æ
2015-Jul-07 19:29:26 –†–∞–∑–º–µ—Ä —Å—Ç–µ–∫–∞ –∏ pcre.recursion_limit (check_pcre_recursion): Ok
Connection to 7711.kz:80	Success

–£—Å–ø–µ—à–Ω–æ
2015-Jul-07 19:29:26 –í—ã–∑–æ–≤ method_exists –Ω–∞ —Å—Ç—Ä–æ–∫–µ (check_method_exists): Ok
Connection to 7711.kz:80	Success

–£—Å–ø–µ—à–Ω–æ
2015-Jul-07 19:29:27 –ó–∞–≥—Ä—É–∑–∫–∞ —Ñ–∞–π–ª–∞ (check_upload): Fail
Connection to 7711.kz:80	Success
== Request ==
POST /bitrix/admin/site_checker.php?test_type=upload_test&unique_id=6b63a8b4445227105849caedff1107e3&big=0&raw=0 HTTP/1.1
Host: 7711.kz
Content-Type: multipart/form-data; boundary=--------43d9c0511bcef687f5e40e5d90977da0
Content-Length: 395

----------43d9c0511bcef687f5e40e5d90977da0
Content-Disposition: form-data; name="test_file"; filename="site_checker.bin
Content-Type: image/gif

()*+,-./0123456789:;<=>?@ABCDEFGHIJKLMNOPQRSTUVWXYZ[\]^_`abcdefghijklmnopqrstuvwxyz{|}~ÄÅÇÉÑÖÜáàâäãåçéèêëíìîïñóòôöõúùûü†°¢£§•¶ß®©™´¨≠ÆØ∞±≤≥¥µ∂∑∏π∫ªºΩæø¿¡¬√ƒ≈∆«»… ÀÃÕŒœ–—“”‘’÷◊ÿŸ⁄€‹›ﬁﬂ‡·‚„‰ÂÊÁËÈÍÎÏÌÓÔ
----------43d9c0511bcef687f5e40e5d90977da0

== Response ==
HTTP/1.1 200 OK
Server: nginx
Date: Tue, 07 Jul 2015 13:29:27 GMT
Content-Type: text/html; charset=UTF-8
Content-Length: 291
Connection: keep-alive
X-Powered-By: PHP/5